<?xml version="1.0" encoding="UTF-8"?>
<testng-results skipped="0" failed="0" ignored="0" total="1" passed="1">
  <reporter-output>
    <line>
      <![CDATA[STEP1]]>
    </line>
  </reporter-output>
  <suite name="SuiteName" duration-ms="44709" started-at="2020-04-20T04:16:05Z" finished-at="2020-04-20T04:16:49Z">
    <groups>
    </groups>
    <test name="TestRunner" duration-ms="44709" started-at="2020-04-20T04:16:05Z" finished-at="2020-04-20T04:16:49Z">
      <class name="com.nbrown.TestScenarios.JDW.Src_SearchProduct_102345_JDW">
        <test-method status="PASS" signature="init()[pri:0, instance:com.nbrown.TestScenarios.JDW.Src_SearchProduct_102345_JDW@5136d012]" name="init" is-config="true" duration-ms="4324" started-at="2020-04-20T09:46:05Z" finished-at="2020-04-20T09:46:09Z">
          <reporter-output>
          </reporter-output>
        </test-method> <!-- init -->
        <test-method status="PASS" signature="searchProductTest()[pri:0, instance:com.nbrown.TestScenarios.JDW.Src_SearchProduct_102345_JDW@5136d012]" name="searchProductTest" duration-ms="40357" started-at="2020-04-20T09:46:09Z" finished-at="2020-04-20T09:46:49Z">
          <reporter-output>
            <line>
              <![CDATA[STEP1]]>
            </line>
          </reporter-output>
        </test-method> <!-- searchProductTest -->
      </class> <!-- com.nbrown.TestScenarios.JDW.Src_SearchProduct_102345_JDW -->
    </test> <!-- TestRunner -->
  </suite> <!-- SuiteName -->
</testng-results>
